<?xml version="1.0" encoding="UTF-8"?>
<!-- Generated by org.testng.reporters.JUnitXMLReporter -->
<testsuite ignored="0" hostname="DESKTOP-LC1C8KI" failures="0" tests="3" name="Surefire test" time="12.634" errors="0" timestamp="2025-08-06T16:28:06 IST">
  <testcase classname="com.janitri.tests.LoginPageTest" name="testInvalidLoginShowsErrorMsg" time="1.431"/>
  <testcase classname="com.janitri.tests.LoginPageTest" name="testInvalidLoginWithEmptyFieldsShowsError" time="0.847"/>
  <testcase classname="com.janitri.tests.LoginPageTest" name="testPasswordMaskedButton" time="0.787"/>
</testsuite> <!-- Surefire test -->
