<?xml version="1.0" encoding="UTF-8"?>
<testng-results ignored="0" total="3" passed="3" failed="0" skipped="0">
  <reporter-output>
  </reporter-output>
  <suite started-at="2025-08-06T16:27:53 IST" name="Surefire suite" finished-at="2025-08-06T16:28:06 IST" duration-ms="12634">
    <groups>
    </groups>
    <test started-at="2025-08-06T16:27:53 IST" name="Surefire test" finished-at="2025-08-06T16:28:06 IST" duration-ms="12634">
      <class name="com.janitri.tests.LoginPageTest">
        <test-method is-config="true" signature="setUp()[pri:0, instance:com.janitri.tests.LoginPageTest@75f9eccc]" started-at="2025-08-06T16:27:54 IST" name="setUp" finished-at="2025-08-06T16:27:57 IST" duration-ms="3501" status="PASS">
          <reporter-output>
          </reporter-output>
        </test-method> <!-- setUp -->
        <test-method signature="testInvalidLoginShowsErrorMsg()[pri:0, instance:com.janitri.tests.LoginPageTest@75f9eccc]" started-at="2025-08-06T16:27:57 IST" name="testInvalidLoginShowsErrorMsg" finished-at="2025-08-06T16:27:58 IST" duration-ms="1431" status="PASS">
          <reporter-output>
          </reporter-output>
        </test-method> <!-- testInvalidLoginShowsErrorMsg -->
        <test-method is-config="true" signature="tearDown()[pri:0, instance:com.janitri.tests.LoginPageTest@75f9eccc]" started-at="2025-08-06T16:27:58 IST" name="tearDown" finished-at="2025-08-06T16:27:59 IST" duration-ms="180" status="PASS">
          <reporter-output>
          </reporter-output>
        </test-method> <!-- tearDown -->
        <test-method is-config="true" signature="setUp()[pri:0, instance:com.janitri.tests.LoginPageTest@75f9eccc]" started-at="2025-08-06T16:27:59 IST" name="setUp" finished-at="2025-08-06T16:28:01 IST" duration-ms="2827" status="PASS">
          <reporter-output>
          </reporter-output>
        </test-method> <!-- setUp -->
        <test-method signature="testInvalidLoginWithEmptyFieldsShowsError()[pri:0, instance:com.janitri.tests.LoginPageTest@75f9eccc]" started-at="2025-08-06T16:28:01 IST" name="testInvalidLoginWithEmptyFieldsShowsError" finished-at="2025-08-06T16:28:02 IST" duration-ms="847" status="PASS">
          <reporter-output>
          </reporter-output>
        </test-method> <!-- testInvalidLoginWithEmptyFieldsShowsError -->
        <test-method is-config="true" signature="tearDown()[pri:0, instance:com.janitri.tests.LoginPageTest@75f9eccc]" started-at="2025-08-06T16:28:02 IST" name="tearDown" finished-at="2025-08-06T16:28:02 IST" duration-ms="155" status="PASS">
          <reporter-output>
          </reporter-output>
        </test-method> <!-- tearDown -->
        <test-method is-config="true" signature="setUp()[pri:0, instance:com.janitri.tests.LoginPageTest@75f9eccc]" started-at="2025-08-06T16:28:02 IST" name="setUp" finished-at="2025-08-06T16:28:05 IST" duration-ms="2700" status="PASS">
          <reporter-output>
          </reporter-output>
        </test-method> <!-- setUp -->
        <test-method signature="testPasswordMaskedButton()[pri:0, instance:com.janitri.tests.LoginPageTest@75f9eccc]" started-at="2025-08-06T16:28:05 IST" name="testPasswordMaskedButton" finished-at="2025-08-06T16:28:06 IST" duration-ms="787" status="PASS">
          <reporter-output>
          </reporter-output>
        </test-method> <!-- testPasswordMaskedButton -->
        <test-method is-config="true" signature="tearDown()[pri:0, instance:com.janitri.tests.LoginPageTest@75f9eccc]" started-at="2025-08-06T16:28:06 IST" name="tearDown" finished-at="2025-08-06T16:28:06 IST" duration-ms="159" status="PASS">
          <reporter-output>
          </reporter-output>
        </test-method> <!-- tearDown -->
      </class> <!-- com.janitri.tests.LoginPageTest -->
    </test> <!-- Surefire test -->
  </suite> <!-- Surefire suite -->
</testng-results>
